<component name="libraryTable">
  <library name="junit-4.9">
    <CLASSES>
      <root url="jar://E:/java就业视频/【阶段13】SpringMvc/springMVC-day02/代码/ssm0523-1/WebContent/WEB-INF/lib/junit-4.9.jar!/" />
    </CLASSES>
    <JAVADOC />
    <SOURCES />
  </library>
</component>